<?xml version="1.0" encoding="UTF-8" ?>
<testsuite failures="1" time="0.006" errors="0" skipped="0" tests="2" name="com.google.SimpleTest">
  <testcase time="0.006" classname="com.google.SimpleTest" name="testThatFails">
    <failure message="expected:&lt;1&gt; but was:&lt;2&gt;" type="java.lang.AssertionError">java.lang.AssertionError: expected:&lt;1&gt; but was:&lt;2&gt;
	at org.junit.Assert.fail(Assert.java:88)
	at org.junit.Assert.failNotEquals(Assert.java:743)
	at org.junit.Assert.assertEquals(Assert.java:118)
	at org.junit.Assert.assertEquals(Assert.java:555)
	at org.junit.Assert.assertEquals(Assert.java:542)
	at com.google.SimpleTest.testThatFails(SimpleTest.java:11)
	at sun.reflect.NativeMethodAccessorImpl.invoke0(Native Method)
</failure>
  </testcase>
  <testcase time="0" classname="com.google.SimpleTest" name="testThatPasses"/>
</testsuite>
